<?xml version="1.0" encoding="UTF-8"?>
<!-- Generated by org.testng.reporters.JUnitXMLReporter -->
<testsuite hostname="DESKTOP-Vishnu" ignored="0" name="Test" tests="3" failures="1" timestamp="2021-11-18T18:49:13 IST" time="17.235" errors="0">
  <testcase name="searchBar" time="2.737" classname="tests.LandingPageTest"/>
  <testcase name="searchBar" time="4.031" classname="tests.LandingPageTest">
    <failure type="junit.framework.AssertionFailedError" message="failure">
      <![CDATA[junit.framework.AssertionFailedError: failure
at junit.framework.Assert.fail(Assert.java:47)
at junit.framework.Assert.assertTrue(Assert.java:20)
at tests.LandingPageTest.searchBar(LandingPageTest.java:42)
at java.util.concurrent.ThreadPoolExecutor.runWorker(Unknown Source)
at java.util.concurrent.ThreadPoolExecutor$Worker.run(Unknown Source)
at java.lang.Thread.run(Unknown Source)
... Removed 12 stack frames]]>
    </failure>
  </testcase> <!-- searchBar -->
  <testcase name="searchBar" time="4.456" classname="tests.LandingPageTest"/>
</testsuite> <!-- Test -->
