<?xml version="1.0" encoding="UTF-8"?>
<!-- Generated by org.testng.reporters.JUnitXMLReporter -->
<testsuite hostname="DESKTOP-Vishnu" ignored="0" name="Test3" tests="3" failures="1" timestamp="2021-11-18T19:40:52 IST" time="13.848" errors="0">
  <testcase name="searchBar" time="4.348" classname="tests.LandingPageTest"/>
  <testcase name="searchBar" time="3.442" classname="tests.LandingPageTest">
    <failure type="junit.framework.AssertionFailedError" message="failure">
      <![CDATA[junit.framework.AssertionFailedError: failure
at junit.framework.Assert.fail(Assert.java:47)
at junit.framework.Assert.assertTrue(Assert.java:20)
at tests.LandingPageTest.searchBar(LandingPageTest.java:42)
at java.util.ArrayList.forEach(Unknown Source)
at java.util.concurrent.FutureTask.run(Unknown Source)
at java.util.concurrent.ThreadPoolExecutor.runWorker(Unknown Source)
at java.util.concurrent.ThreadPoolExecutor$Worker.run(Unknown Source)
at java.lang.Thread.run(Unknown Source)
... Removed 18 stack frames]]>
    </failure>
  </testcase> <!-- searchBar -->
  <testcase name="searchBar" time="3.018" classname="tests.LandingPageTest"/>
</testsuite> <!-- Test3 -->
