<?xml version="1.0" encoding="UTF-8"?>
<testng-results skipped="0" failed="0" total="1" passed="1">
  <reporter-output>
  </reporter-output>
  <suite name="Default suite" duration-ms="7182" started-at="2017-01-10T18:23:27Z" finished-at="2017-01-10T18:23:34Z">
    <groups>
    </groups>
    <test name="Default test" duration-ms="7182" started-at="2017-01-10T18:23:27Z" finished-at="2017-01-10T18:23:34Z">
      <class name="com.testcases.NewTest3">
        <test-method status="PASS" signature="beforeTest()[pri:0, instance:com.testcases.NewTest3@396a51ab]" name="beforeTest" is-config="true" duration-ms="15" started-at="2017-01-10T23:53:27Z" finished-at="2017-01-10T23:53:27Z">
          <reporter-output>
          </reporter-output>
        </test-method> <!-- beforeTest -->
        <test-method status="PASS" signature="f()[pri:0, instance:com.testcases.NewTest3@396a51ab]" name="f" duration-ms="7151" started-at="2017-01-10T23:53:27Z" finished-at="2017-01-10T23:53:34Z">
          <reporter-output>
          </reporter-output>
        </test-method> <!-- f -->
        <test-method status="PASS" signature="afterTest()[pri:0, instance:com.testcases.NewTest3@396a51ab]" name="afterTest" is-config="true" duration-ms="0" started-at="2017-01-10T23:53:34Z" finished-at="2017-01-10T23:53:34Z">
          <reporter-output>
          </reporter-output>
        </test-method> <!-- afterTest -->
      </class> <!-- com.testcases.NewTest3 -->
    </test> <!-- Default test -->
  </suite> <!-- Default suite -->
</testng-results>
